<?xml version="1.0" encoding="UTF-8"?>
<!-- Generated by org.testng.reporters.JUnitReportReporter -->
<testsuite skipped="0" hostname="VAIO" name="org.testsuite.SmokeTest" tests="1" failures="0" timestamp="10 Sep 2017 09:26:41 GMT" time="0.428" errors="0">
  <testcase name="TEST01_SUCCESSFULLOGIN" time="0.428" classname="org.testsuite.SmokeTest"/>
</testsuite> <!-- org.testsuite.SmokeTest -->
